[2020-05-25 12:02:24.226] [renderer1] [error] Error: Unable to read file '/home/mauroslucios/Documentos/santander/arrays/js/exercicio15.js' (Error: Unable to resolve non-existing file '/home/mauroslucios/Documentos/santander/arrays/js/exercicio15.js')
    at Object.t.createErrorWithActions (file:///snap/code/31/usr/share/code/resources/app/out/vs/workbench/workbench.desktop.main.js:53:573)
    at e.handleSetInputError (file:///snap/code/31/usr/share/code/resources/app/out/vs/workbench/workbench.desktop.main.js:5422:601)
    at e.handleSetInputError (file:///snap/code/31/usr/share/code/resources/app/out/vs/workbench/workbench.desktop.main.js:5425:428)
    at e.setInput (file:///snap/code/31/usr/share/code/resources/app/out/vs/workbench/workbench.desktop.main.js:5422:317)
[2020-05-25 13:51:54.827] [renderer1] [error] <syntax> TypeScript Server Error (3.8.3)
Debug Failure. False expression: Expected line to be non-zero
Error: Debug Failure. False expression: Expected line to be non-zero
    at failIfInvalidLocation (tsserver.js:138899:22)
    at ScriptInfo.positionToLineOffset (tsserver.js:138872:17)
    at toProtocolTextSpan (tsserver.js:146077:35)
    at tsserver.js:145608:68
    at Array.map (<anonymous>)
    at IOSession.Session.toLocationNavigationTree (tsserver.js:145608:39)
    at IOSession.Session.getNavigationTree (tsserver.js:145619:32)
    at Session.handlers.ts.createMapFromTemplate._a.<computed> (tsserver.js:144481:61)
    at tsserver.js:146003:88
    at IOSession.Session.executeWithRequestId (tsserver.js:145994:28)
    at IOSession.Session.executeCommand (tsserver.js:146003:33)
    at IOSession.Session.onMessage (tsserver.js:146027:35)
    at Interface.<anonymous> (tsserver.js:147342:27)
    at Interface.emit (events.js:203:13)
    at Interface._onLine (readline.js:316:10)
    at Interface._normalWrite (readline.js:461:12)
    at Socket.ondata (readline.js:172:10)
    at Socket.emit (events.js:203:13)
    at addChunk (_stream_readable.js:295:12)
    at readableAddChunk (_stream_readable.js:276:11)
    at Socket.Readable.push (_stream_readable.js:210:10)
    at Pipe.onStreamRead (internal/stream_base_commons.js:166:17): Error: <syntax> TypeScript Server Error (3.8.3)
Debug Failure. False expression: Expected line to be non-zero
Error: Debug Failure. False expression: Expected line to be non-zero
    at failIfInvalidLocation (tsserver.js:138899:22)
    at ScriptInfo.positionToLineOffset (tsserver.js:138872:17)
    at toProtocolTextSpan (tsserver.js:146077:35)
    at tsserver.js:145608:68
    at Array.map (<anonymous>)
    at IOSession.Session.toLocationNavigationTree (tsserver.js:145608:39)
    at IOSession.Session.getNavigationTree (tsserver.js:145619:32)
    at Session.handlers.ts.createMapFromTemplate._a.<computed> (tsserver.js:144481:61)
    at tsserver.js:146003:88
    at IOSession.Session.executeWithRequestId (tsserver.js:145994:28)
    at IOSession.Session.executeCommand (tsserver.js:146003:33)
    at IOSession.Session.onMessage (tsserver.js:146027:35)
    at Interface.<anonymous> (tsserver.js:147342:27)
    at Interface.emit (events.js:203:13)
    at Interface._onLine (readline.js:316:10)
    at Interface._normalWrite (readline.js:461:12)
    at Socket.ondata (readline.js:172:10)
    at Socket.emit (events.js:203:13)
    at addChunk (_stream_readable.js:295:12)
    at readableAddChunk (_stream_readable.js:276:11)
    at Socket.Readable.push (_stream_readable.js:210:10)
    at Pipe.onStreamRead (internal/stream_base_commons.js:166:17)
	at Function.create (/snap/code/31/usr/share/code/resources/app/extensions/typescript-language-features/dist/extension.js:1:52622)
	at e.dispatchResponse (/snap/code/31/usr/share/code/resources/app/extensions/typescript-language-features/dist/extension.js:1:220920)
	at e.dispatchMessage (/snap/code/31/usr/share/code/resources/app/extensions/typescript-language-features/dist/extension.js:1:219838)
	at /snap/code/31/usr/share/code/resources/app/extensions/typescript-language-features/dist/extension.js:1:219314
	at e.fire (/snap/code/31/usr/share/code/resources/app/out/vs/workbench/services/extensions/node/extensionHostProcess.js:48:497)
	at t.Reader.onLengthData (/snap/code/31/usr/share/code/resources/app/extensions/typescript-language-features/dist/extension.js:1:227976)
	at Socket.<anonymous> (/snap/code/31/usr/share/code/resources/app/extensions/typescript-language-features/dist/extension.js:1:227624)
	at Socket.emit (events.js:203:13)
	at addChunk (_stream_readable.js:295:12)
	at readableAddChunk (_stream_readable.js:276:11)
	at Socket.Readable.push (_stream_readable.js:210:10)
	at Pipe.onStreamRead (internal/stream_base_commons.js:166:17)
[2020-05-25 14:22:33.841] [renderer1] [error] <syntax> TypeScript Server Error (3.8.3)
Debug Failure. False expression: Expected line to be non-zero
Error: Debug Failure. False expression: Expected line to be non-zero
    at failIfInvalidLocation (tsserver.js:138899:22)
    at ScriptInfo.positionToLineOffset (tsserver.js:138872:17)
    at toProtocolTextSpan (tsserver.js:146077:35)
    at tsserver.js:145608:68
    at Array.map (<anonymous>)
    at IOSession.Session.toLocationNavigationTree (tsserver.js:145608:39)
    at IOSession.Session.getNavigationTree (tsserver.js:145619:32)
    at Session.handlers.ts.createMapFromTemplate._a.<computed> (tsserver.js:144481:61)
    at tsserver.js:146003:88
    at IOSession.Session.executeWithRequestId (tsserver.js:145994:28)
    at IOSession.Session.executeCommand (tsserver.js:146003:33)
    at IOSession.Session.onMessage (tsserver.js:146027:35)
    at Interface.<anonymous> (tsserver.js:147342:27)
    at Interface.emit (events.js:203:13)
    at Interface._onLine (readline.js:316:10)
    at Interface._normalWrite (readline.js:461:12)
    at Socket.ondata (readline.js:172:10)
    at Socket.emit (events.js:203:13)
    at addChunk (_stream_readable.js:295:12)
    at readableAddChunk (_stream_readable.js:276:11)
    at Socket.Readable.push (_stream_readable.js:210:10)
    at Pipe.onStreamRead (internal/stream_base_commons.js:166:17): Error: <syntax> TypeScript Server Error (3.8.3)
Debug Failure. False expression: Expected line to be non-zero
Error: Debug Failure. False expression: Expected line to be non-zero
    at failIfInvalidLocation (tsserver.js:138899:22)
    at ScriptInfo.positionToLineOffset (tsserver.js:138872:17)
    at toProtocolTextSpan (tsserver.js:146077:35)
    at tsserver.js:145608:68
    at Array.map (<anonymous>)
    at IOSession.Session.toLocationNavigationTree (tsserver.js:145608:39)
    at IOSession.Session.getNavigationTree (tsserver.js:145619:32)
    at Session.handlers.ts.createMapFromTemplate._a.<computed> (tsserver.js:144481:61)
    at tsserver.js:146003:88
    at IOSession.Session.executeWithRequestId (tsserver.js:145994:28)
    at IOSession.Session.executeCommand (tsserver.js:146003:33)
    at IOSession.Session.onMessage (tsserver.js:146027:35)
    at Interface.<anonymous> (tsserver.js:147342:27)
    at Interface.emit (events.js:203:13)
    at Interface._onLine (readline.js:316:10)
    at Interface._normalWrite (readline.js:461:12)
    at Socket.ondata (readline.js:172:10)
    at Socket.emit (events.js:203:13)
    at addChunk (_stream_readable.js:295:12)
    at readableAddChunk (_stream_readable.js:276:11)
    at Socket.Readable.push (_stream_readable.js:210:10)
    at Pipe.onStreamRead (internal/stream_base_commons.js:166:17)
	at Function.create (/snap/code/31/usr/share/code/resources/app/extensions/typescript-language-features/dist/extension.js:1:52622)
	at e.dispatchResponse (/snap/code/31/usr/share/code/resources/app/extensions/typescript-language-features/dist/extension.js:1:220920)
	at e.dispatchMessage (/snap/code/31/usr/share/code/resources/app/extensions/typescript-language-features/dist/extension.js:1:219838)
	at /snap/code/31/usr/share/code/resources/app/extensions/typescript-language-features/dist/extension.js:1:219314
	at e.fire (/snap/code/31/usr/share/code/resources/app/out/vs/workbench/services/extensions/node/extensionHostProcess.js:48:497)
	at t.Reader.onLengthData (/snap/code/31/usr/share/code/resources/app/extensions/typescript-language-features/dist/extension.js:1:227976)
	at Socket.<anonymous> (/snap/code/31/usr/share/code/resources/app/extensions/typescript-language-features/dist/extension.js:1:227624)
	at Socket.emit (events.js:203:13)
	at addChunk (_stream_readable.js:295:12)
	at readableAddChunk (_stream_readable.js:276:11)
	at Socket.Readable.push (_stream_readable.js:210:10)
	at Pipe.onStreamRead (internal/stream_base_commons.js:166:17)
[2020-05-25 14:59:37.118] [renderer1] [error] <syntax> TypeScript Server Error (3.8.3)
Debug Failure. False expression: Expected line to be non-zero
Error: Debug Failure. False expression: Expected line to be non-zero
    at failIfInvalidLocation (tsserver.js:138899:22)
    at ScriptInfo.positionToLineOffset (tsserver.js:138872:17)
    at toProtocolTextSpan (tsserver.js:146077:35)
    at tsserver.js:145608:68
    at Array.map (<anonymous>)
    at IOSession.Session.toLocationNavigationTree (tsserver.js:145608:39)
    at IOSession.Session.getNavigationTree (tsserver.js:145619:32)
    at Session.handlers.ts.createMapFromTemplate._a.<computed> (tsserver.js:144481:61)
    at tsserver.js:146003:88
    at IOSession.Session.executeWithRequestId (tsserver.js:145994:28)
    at IOSession.Session.executeCommand (tsserver.js:146003:33)
    at IOSession.Session.onMessage (tsserver.js:146027:35)
    at Interface.<anonymous> (tsserver.js:147342:27)
    at Interface.emit (events.js:203:13)
    at Interface._onLine (readline.js:316:10)
    at Interface._normalWrite (readline.js:461:12)
    at Socket.ondata (readline.js:172:10)
    at Socket.emit (events.js:203:13)
    at addChunk (_stream_readable.js:295:12)
    at readableAddChunk (_stream_readable.js:276:11)
    at Socket.Readable.push (_stream_readable.js:210:10)
    at Pipe.onStreamRead (internal/stream_base_commons.js:166:17): Error: <syntax> TypeScript Server Error (3.8.3)
Debug Failure. False expression: Expected line to be non-zero
Error: Debug Failure. False expression: Expected line to be non-zero
    at failIfInvalidLocation (tsserver.js:138899:22)
    at ScriptInfo.positionToLineOffset (tsserver.js:138872:17)
    at toProtocolTextSpan (tsserver.js:146077:35)
    at tsserver.js:145608:68
    at Array.map (<anonymous>)
    at IOSession.Session.toLocationNavigationTree (tsserver.js:145608:39)
    at IOSession.Session.getNavigationTree (tsserver.js:145619:32)
    at Session.handlers.ts.createMapFromTemplate._a.<computed> (tsserver.js:144481:61)
    at tsserver.js:146003:88
    at IOSession.Session.executeWithRequestId (tsserver.js:145994:28)
    at IOSession.Session.executeCommand (tsserver.js:146003:33)
    at IOSession.Session.onMessage (tsserver.js:146027:35)
    at Interface.<anonymous> (tsserver.js:147342:27)
    at Interface.emit (events.js:203:13)
    at Interface._onLine (readline.js:316:10)
    at Interface._normalWrite (readline.js:461:12)
    at Socket.ondata (readline.js:172:10)
    at Socket.emit (events.js:203:13)
    at addChunk (_stream_readable.js:295:12)
    at readableAddChunk (_stream_readable.js:276:11)
    at Socket.Readable.push (_stream_readable.js:210:10)
    at Pipe.onStreamRead (internal/stream_base_commons.js:166:17)
	at Function.create (/snap/code/31/usr/share/code/resources/app/extensions/typescript-language-features/dist/extension.js:1:52622)
	at e.dispatchResponse (/snap/code/31/usr/share/code/resources/app/extensions/typescript-language-features/dist/extension.js:1:220920)
	at e.dispatchMessage (/snap/code/31/usr/share/code/resources/app/extensions/typescript-language-features/dist/extension.js:1:219838)
	at /snap/code/31/usr/share/code/resources/app/extensions/typescript-language-features/dist/extension.js:1:219314
	at e.fire (/snap/code/31/usr/share/code/resources/app/out/vs/workbench/services/extensions/node/extensionHostProcess.js:48:497)
	at t.Reader.onLengthData (/snap/code/31/usr/share/code/resources/app/extensions/typescript-language-features/dist/extension.js:1:227976)
	at Socket.<anonymous> (/snap/code/31/usr/share/code/resources/app/extensions/typescript-language-features/dist/extension.js:1:227624)
	at Socket.emit (events.js:203:13)
	at addChunk (_stream_readable.js:295:12)
	at readableAddChunk (_stream_readable.js:276:11)
	at Socket.Readable.push (_stream_readable.js:210:10)
	at Pipe.onStreamRead (internal/stream_base_commons.js:166:17)
[2020-05-25 15:34:03.252] [renderer1] [error] <semantic> TypeScript Server Error (3.8.3)
Debug Failure. Token and statement should start at the same point. {"statementKind":"ReturnStatement","tokenKind":"PlusToken","errorCode":7027,"start":213,"length":70}
Error: Debug Failure. Token and statement should start at the same point. {"statementKind":"ReturnStatement","tokenKind":"PlusToken","errorCode":7027,"start":213,"length":70}
    at doChange (tsserver.js:129428:26)
    at tsserver.js:129411:96
    at Function.ChangeTracker.with (tsserver.js:123413:17)
    at Object.getCodeActions (tsserver.js:129411:64)
    at tsserver.js:124540:77
    at Object.flatMap (tsserver.js:465:25)
    at Object.getFixes (tsserver.js:124540:23)
    at tsserver.js:135666:35
    at Object.flatMap (tsserver.js:465:25)
    at Proxy.getCodeFixesAtPosition (tsserver.js:135664:23)
    at IOSession.Session.getCodeFixes (tsserver.js:145753:64)
    at Session.handlers.ts.createMapFromTemplate._a.<computed> (tsserver.js:144510:61)
    at tsserver.js:146003:88
    at IOSession.Session.executeWithRequestId (tsserver.js:145994:28)
    at IOSession.Session.executeCommand (tsserver.js:146003:33)
    at IOSession.Session.onMessage (tsserver.js:146027:35)
    at Interface.<anonymous> (tsserver.js:147342:27)
    at Interface.emit (events.js:203:13)
    at Interface._onLine (readline.js:316:10)
    at Interface._normalWrite (readline.js:461:12)
    at Socket.ondata (readline.js:172:10)
    at Socket.emit (events.js:203:13)
    at addChunk (_stream_readable.js:295:12)
    at readableAddChunk (_stream_readable.js:276:11)
    at Socket.Readable.push (_stream_readable.js:210:10)
    at Pipe.onStreamRead (internal/stream_base_commons.js:166:17): Error: <semantic> TypeScript Server Error (3.8.3)
Debug Failure. Token and statement should start at the same point. {"statementKind":"ReturnStatement","tokenKind":"PlusToken","errorCode":7027,"start":213,"length":70}
Error: Debug Failure. Token and statement should start at the same point. {"statementKind":"ReturnStatement","tokenKind":"PlusToken","errorCode":7027,"start":213,"length":70}
    at doChange (tsserver.js:129428:26)
    at tsserver.js:129411:96
    at Function.ChangeTracker.with (tsserver.js:123413:17)
    at Object.getCodeActions (tsserver.js:129411:64)
    at tsserver.js:124540:77
    at Object.flatMap (tsserver.js:465:25)
    at Object.getFixes (tsserver.js:124540:23)
    at tsserver.js:135666:35
    at Object.flatMap (tsserver.js:465:25)
    at Proxy.getCodeFixesAtPosition (tsserver.js:135664:23)
    at IOSession.Session.getCodeFixes (tsserver.js:145753:64)
    at Session.handlers.ts.createMapFromTemplate._a.<computed> (tsserver.js:144510:61)
    at tsserver.js:146003:88
    at IOSession.Session.executeWithRequestId (tsserver.js:145994:28)
    at IOSession.Session.executeCommand (tsserver.js:146003:33)
    at IOSession.Session.onMessage (tsserver.js:146027:35)
    at Interface.<anonymous> (tsserver.js:147342:27)
    at Interface.emit (events.js:203:13)
    at Interface._onLine (readline.js:316:10)
    at Interface._normalWrite (readline.js:461:12)
    at Socket.ondata (readline.js:172:10)
    at Socket.emit (events.js:203:13)
    at addChunk (_stream_readable.js:295:12)
    at readableAddChunk (_stream_readable.js:276:11)
    at Socket.Readable.push (_stream_readable.js:210:10)
    at Pipe.onStreamRead (internal/stream_base_commons.js:166:17)
	at Function.create (/snap/code/31/usr/share/code/resources/app/extensions/typescript-language-features/dist/extension.js:1:52622)
	at e.dispatchResponse (/snap/code/31/usr/share/code/resources/app/extensions/typescript-language-features/dist/extension.js:1:220920)
	at e.dispatchMessage (/snap/code/31/usr/share/code/resources/app/extensions/typescript-language-features/dist/extension.js:1:219838)
	at /snap/code/31/usr/share/code/resources/app/extensions/typescript-language-features/dist/extension.js:1:219314
	at e.fire (/snap/code/31/usr/share/code/resources/app/out/vs/workbench/services/extensions/node/extensionHostProcess.js:48:497)
	at t.Reader.onLengthData (/snap/code/31/usr/share/code/resources/app/extensions/typescript-language-features/dist/extension.js:1:227976)
	at Socket.<anonymous> (/snap/code/31/usr/share/code/resources/app/extensions/typescript-language-features/dist/extension.js:1:227624)
	at Socket.emit (events.js:203:13)
	at addChunk (_stream_readable.js:295:12)
	at readableAddChunk (_stream_readable.js:276:11)
	at Socket.Readable.push (_stream_readable.js:210:10)
	at Pipe.onStreamRead (internal/stream_base_commons.js:166:17)
[2020-05-25 16:00:24.314] [renderer1] [error] <syntax> TypeScript Server Error (3.8.3)
Debug Failure. False expression: Expected line to be non-zero
Error: Debug Failure. False expression: Expected line to be non-zero
    at failIfInvalidLocation (tsserver.js:138899:22)
    at ScriptInfo.positionToLineOffset (tsserver.js:138872:17)
    at toProtocolTextSpan (tsserver.js:146077:35)
    at tsserver.js:145608:68
    at Array.map (<anonymous>)
    at IOSession.Session.toLocationNavigationTree (tsserver.js:145608:39)
    at IOSession.Session.getNavigationTree (tsserver.js:145619:32)
    at Session.handlers.ts.createMapFromTemplate._a.<computed> (tsserver.js:144481:61)
    at tsserver.js:146003:88
    at IOSession.Session.executeWithRequestId (tsserver.js:145994:28)
    at IOSession.Session.executeCommand (tsserver.js:146003:33)
    at IOSession.Session.onMessage (tsserver.js:146027:35)
    at Interface.<anonymous> (tsserver.js:147342:27)
    at Interface.emit (events.js:203:13)
    at Interface._onLine (readline.js:316:10)
    at Interface._normalWrite (readline.js:461:12)
    at Socket.ondata (readline.js:172:10)
    at Socket.emit (events.js:203:13)
    at addChunk (_stream_readable.js:295:12)
    at readableAddChunk (_stream_readable.js:276:11)
    at Socket.Readable.push (_stream_readable.js:210:10)
    at Pipe.onStreamRead (internal/stream_base_commons.js:166:17): Error: <syntax> TypeScript Server Error (3.8.3)
Debug Failure. False expression: Expected line to be non-zero
Error: Debug Failure. False expression: Expected line to be non-zero
    at failIfInvalidLocation (tsserver.js:138899:22)
    at ScriptInfo.positionToLineOffset (tsserver.js:138872:17)
    at toProtocolTextSpan (tsserver.js:146077:35)
    at tsserver.js:145608:68
    at Array.map (<anonymous>)
    at IOSession.Session.toLocationNavigationTree (tsserver.js:145608:39)
    at IOSession.Session.getNavigationTree (tsserver.js:145619:32)
    at Session.handlers.ts.createMapFromTemplate._a.<computed> (tsserver.js:144481:61)
    at tsserver.js:146003:88
    at IOSession.Session.executeWithRequestId (tsserver.js:145994:28)
    at IOSession.Session.executeCommand (tsserver.js:146003:33)
    at IOSession.Session.onMessage (tsserver.js:146027:35)
    at Interface.<anonymous> (tsserver.js:147342:27)
    at Interface.emit (events.js:203:13)
    at Interface._onLine (readline.js:316:10)
    at Interface._normalWrite (readline.js:461:12)
    at Socket.ondata (readline.js:172:10)
    at Socket.emit (events.js:203:13)
    at addChunk (_stream_readable.js:295:12)
    at readableAddChunk (_stream_readable.js:276:11)
    at Socket.Readable.push (_stream_readable.js:210:10)
    at Pipe.onStreamRead (internal/stream_base_commons.js:166:17)
	at Function.create (/snap/code/31/usr/share/code/resources/app/extensions/typescript-language-features/dist/extension.js:1:52622)
	at e.dispatchResponse (/snap/code/31/usr/share/code/resources/app/extensions/typescript-language-features/dist/extension.js:1:220920)
	at e.dispatchMessage (/snap/code/31/usr/share/code/resources/app/extensions/typescript-language-features/dist/extension.js:1:219838)
	at /snap/code/31/usr/share/code/resources/app/extensions/typescript-language-features/dist/extension.js:1:219314
	at e.fire (/snap/code/31/usr/share/code/resources/app/out/vs/workbench/services/extensions/node/extensionHostProcess.js:48:497)
	at t.Reader.onLengthData (/snap/code/31/usr/share/code/resources/app/extensions/typescript-language-features/dist/extension.js:1:227976)
	at Socket.<anonymous> (/snap/code/31/usr/share/code/resources/app/extensions/typescript-language-features/dist/extension.js:1:227624)
	at Socket.emit (events.js:203:13)
	at addChunk (_stream_readable.js:295:12)
	at readableAddChunk (_stream_readable.js:276:11)
	at Socket.Readable.push (_stream_readable.js:210:10)
	at Pipe.onStreamRead (internal/stream_base_commons.js:166:17)
